# JRE version: OpenJDK Runtime Environment (8.0_152-b01) (build 1.8.0_152-release-1248-b01)
# Java VM: OpenJDK 64-Bit Server VM (25.152-b01 mixed mode windows-amd64 compressed oops)
Heap:
 PSYoungGen      total 260608K, used 81933K [0x00000000eab00000, 0x00000000ff600000, 0x0000000100000000)
  eden space 187392K, 41% used [0x00000000eab00000,0x00000000ef652138,0x00000000f6200000)
  from space 73216K, 6% used [0x00000000f6200000,0x00000000f66b1568,0x00000000fa980000)
  to   space 70144K, 0% used [0x00000000fb180000,0x00000000fb180000,0x00000000ff600000)
 ParOldGen       total 463360K, used 294801K [0x00000000c0000000, 0x00000000dc480000, 0x00000000eab00000)
  object space 463360K, 63% used [0x00000000c0000000,0x00000000d1fe4638,0x00000000dc480000)
 Metaspace       used 247354K, capacity 258924K, committed 262104K, reserved 1277952K
  class space    used 31116K, capacity 33440K, committed 34264K, reserved 1048576K
GC Heap History (10 events):
Event: 6754.311 GC heap before
{Heap before GC invocations=136 (full 11):
 PSYoungGen      total 261120K, used 173931K [0x00000000eab00000, 0x0000000100000000, 0x0000000100000000)
  eden space 174592K, 99% used [0x00000000eab00000,0x00000000f54c2f48,0x00000000f5580000)
  from space 86528K, 0% used [0x00000000fa900000,0x00000000fa918000,0x00000000ffd80000)
  to   space 85504K, 0% used [0x00000000f5580000,0x00000000f5580000,0x00000000fa900000)
 ParOldGen       total 463360K, used 285349K [0x00000000c0000000, 0x00000000dc480000, 0x00000000eab00000)
  object space 463360K, 61% used [0x00000000c0000000,0x00000000d16a95f8,0x00000000dc480000)
 Metaspace       used 237024K, capacity 248308K, committed 252248K, reserved 1267712K
  class space    used 29472K, capacity 31703K, committed 33112K, reserved 1048576K
Event: 6754.315 GC heap after
Heap after GC invocations=136 (full 11):
 PSYoungGen      total 260096K, used 96K [0x00000000eab00000, 0x00000000ffc00000, 0x0000000100000000)
  eden space 174592K, 0% used [0x00000000eab00000,0x00000000eab00000,0x00000000f5580000)
  from space 85504K, 0% used [0x00000000f5580000,0x00000000f5598000,0x00000000fa900000)
  to   space 83968K, 0% used [0x00000000faa00000,0x00000000faa00000,0x00000000ffc00000)
 ParOldGen       total 463360K, used 285373K [0x00000000c0000000, 0x00000000dc480000, 0x00000000eab00000)
  object space 463360K, 61% used [0x00000000c0000000,0x00000000d16af5f8,0x00000000dc480000)
 Metaspace       used 237024K, capacity 248308K, committed 252248K, reserved 1267712K
  class space    used 29472K, capacity 31703K, committed 33112K, reserved 1048576K
}
Event: 6754.331 GC heap before
{Heap before GC invocations=137 (full 11):
 PSYoungGen      total 260096K, used 174512K [0x00000000eab00000, 0x00000000ffc00000, 0x0000000100000000)
  eden space 174592K, 99% used [0x00000000eab00000,0x00000000f5554170,0x00000000f5580000)
  from space 85504K, 0% used [0x00000000f5580000,0x00000000f5598000,0x00000000fa900000)
  to   space 83968K, 0% used [0x00000000faa00000,0x00000000faa00000,0x00000000ffc00000)
 ParOldGen       total 463360K, used 285373K [0x00000000c0000000, 0x00000000dc480000, 0x00000000eab00000)
  object space 463360K, 61% used [0x00000000c0000000,0x00000000d16af5f8,0x00000000dc480000)
 Metaspace       used 237038K, capacity 248372K, committed 252504K, reserved 1269760K
  class space    used 29472K, capacity 31703K, committed 33112K, reserved 1048576K
Event: 6754.336 GC heap after
Heap after GC invocations=137 (full 11):
 PSYoungGen      total 262144K, used 128K [0x00000000eab00000, 0x00000000ffb80000, 0x0000000100000000)
  eden space 178688K, 0% used [0x00000000eab00000,0x00000000eab00000,0x00000000f5980000)
  from space 83456K, 0% used [0x00000000faa00000,0x00000000faa20000,0x00000000ffb80000)
  to   space 82432K, 0% used [0x00000000f5980000,0x00000000f5980000,0x00000000faa00000)
 ParOldGen       total 463360K, used 285405K [0x00000000c0000000, 0x00000000dc480000, 0x00000000eab00000)
  object space 463360K, 61% used [0x00000000c0000000,0x00000000d16b75f8,0x00000000dc480000)
 Metaspace       used 237038K, capacity 248372K, committed 252504K, reserved 1269760K
  class space    used 29472K, capacity 31703K, committed 33112K, reserved 1048576K
}
Event: 6755.367 GC heap before
{Heap before GC invocations=138 (full 11):
 PSYoungGen      total 262144K, used 178816K [0x00000000eab00000, 0x00000000ffb80000, 0x0000000100000000)
  eden space 178688K, 100% used [0x00000000eab00000,0x00000000f5980000,0x00000000f5980000)
  from space 83456K, 0% used [0x00000000faa00000,0x00000000faa20000,0x00000000ffb80000)
  to   space 82432K, 0% used [0x00000000f5980000,0x00000000f5980000,0x00000000faa00000)
 ParOldGen       total 463360K, used 285405K [0x00000000c0000000, 0x00000000dc480000, 0x00000000eab00000)
  object space 463360K, 61% used [0x00000000c0000000,0x00000000d16b75f8,0x00000000dc480000)
 Metaspace       used 239077K, capacity 250600K, committed 254040K, reserved 1269760K
  class space    used 29727K, capacity 32050K, committed 33112K, reserved 1048576K
Event: 6755.404 GC heap after
Heap after GC invocations=138 (full 11):
 PSYoungGen      total 193536K, used 14567K [0x00000000eab00000, 0x00000000ff500000, 0x0000000100000000)
  eden space 178688K, 0% used [0x00000000eab00000,0x00000000eab00000,0x00000000f5980000)
  from space 14848K, 98% used [0x00000000f5980000,0x00000000f67b9da0,0x00000000f6800000)
  to   space 77312K, 0% used [0x00000000fa980000,0x00000000fa980000,0x00000000ff500000)
 ParOldGen       total 463360K, used 285421K [0x00000000c0000000, 0x00000000dc480000, 0x00000000eab00000)
  object space 463360K, 61% used [0x00000000c0000000,0x00000000d16bb5f8,0x00000000dc480000)
 Metaspace       used 239077K, capacity 250600K, committed 254040K, reserved 1269760K
  class space    used 29727K, capacity 32050K, committed 33112K, reserved 1048576K
}
Event: 6757.452 GC heap before
{Heap before GC invocations=139 (full 11):
 PSYoungGen      total 193536K, used 193255K [0x00000000eab00000, 0x00000000ff500000, 0x0000000100000000)
  eden space 178688K, 100% used [0x00000000eab00000,0x00000000f5980000,0x00000000f5980000)
  from space 14848K, 98% used [0x00000000f5980000,0x00000000f67b9da0,0x00000000f6800000)
  to   space 77312K, 0% used [0x00000000fa980000,0x00000000fa980000,0x00000000ff500000)
 ParOldGen       total 463360K, used 285421K [0x00000000c0000000, 0x00000000dc480000, 0x00000000eab00000)
  object space 463360K, 61% used [0x00000000c0000000,0x00000000d16bb5f8,0x00000000dc480000)
 Metaspace       used 243683K, capacity 255276K, committed 258264K, reserved 1273856K
  class space    used 30426K, capacity 32736K, committed 33496K, reserved 1048576K
Event: 6757.473 GC heap after
Heap after GC invocations=139 (full 11):
 PSYoungGen      total 264704K, used 11541K [0x00000000eab00000, 0x0000000100000000, 0x0000000100000000)
  eden space 187392K, 0% used [0x00000000eab00000,0x00000000eab00000,0x00000000f6200000)
  from space 77312K, 14% used [0x00000000fa980000,0x00000000fb4c5698,0x00000000ff500000)
  to   space 73216K, 0% used [0x00000000f6200000,0x00000000f6200000,0x00000000fa980000)
 ParOldGen       total 463360K, used 288569K [0x00000000c0000000, 0x00000000dc480000, 0x00000000eab00000)
  object space 463360K, 62% used [0x00000000c0000000,0x00000000d19ce4d0,0x00000000dc480000)
 Metaspace       used 243683K, capacity 255276K, committed 258264K, reserved 1273856K
  class space    used 30426K, capacity 32736K, committed 33496K, reserved 1048576K
}
Event: 6759.719 GC heap before
{Heap before GC invocations=140 (full 11):
 PSYoungGen      total 264704K, used 198933K [0x00000000eab00000, 0x0000000100000000, 0x0000000100000000)
  eden space 187392K, 100% used [0x00000000eab00000,0x00000000f6200000,0x00000000f6200000)
  from space 77312K, 14% used [0x00000000fa980000,0x00000000fb4c5698,0x00000000ff500000)
  to   space 73216K, 0% used [0x00000000f6200000,0x00000000f6200000,0x00000000fa980000)
 ParOldGen       total 463360K, used 288569K [0x00000000c0000000, 0x00000000dc480000, 0x00000000eab00000)
  object space 463360K, 62% used [0x00000000c0000000,0x00000000d19ce4d0,0x00000000dc480000)
 Metaspace       used 246102K, capacity 257676K, committed 260824K, reserved 1275904K
  class space    used 30889K, capacity 33216K, committed 34008K, reserved 1048576K
Event: 6759.734 GC heap after
Heap after GC invocations=140 (full 11):
 PSYoungGen      total 260608K, used 4805K [0x00000000eab00000, 0x00000000ff600000, 0x0000000100000000)
  eden space 187392K, 0% used [0x00000000eab00000,0x00000000eab00000,0x00000000f6200000)
  from space 73216K, 6% used [0x00000000f6200000,0x00000000f66b1568,0x00000000fa980000)
  to   space 70144K, 0% used [0x00000000fb180000,0x00000000fb180000,0x00000000ff600000)
 ParOldGen       total 463360K, used 294801K [0x00000000c0000000, 0x00000000dc480000, 0x00000000eab00000)
  object space 463360K, 63% used [0x00000000c0000000,0x00000000d1fe4638,0x00000000dc480000)
 Metaspace       used 246102K, capacity 257676K, committed 260824K, reserved 1275904K
  class space    used 30889K, capacity 33216K, committed 34008K, reserved 1048576K
}

